mode: set
git.jetbrains.team/tch/teamcity-operator/internal/resource/statefulset.go:19.75,21.2 1 1
git.jetbrains.team/tch/teamcity-operator/internal/resource/statefulset.go:23.71,25.2 1 0
git.jetbrains.team/tch/teamcity-operator/internal/resource/statefulset.go:27.67,29.16 2 1
git.jetbrains.team/tch/teamcity-operator/internal/resource/statefulset.go:32.2,43.8 1 1
git.jetbrains.team/tch/teamcity-operator/internal/resource/statefulset.go:29.16,31.3 1 0
git.jetbrains.team/tch/teamcity-operator/internal/resource/statefulset.go:46.71,58.109 9 1
git.jetbrains.team/tch/teamcity-operator/internal/resource/statefulset.go:62.2,62.12 1 1
git.jetbrains.team/tch/teamcity-operator/internal/resource/statefulset.go:58.109,60.3 1 0
git.jetbrains.team/tch/teamcity-operator/internal/resource/statefulset.go:65.132,67.61 2 1
git.jetbrains.team/tch/teamcity-operator/internal/resource/statefulset.go:80.2,80.21 1 1
git.jetbrains.team/tch/teamcity-operator/internal/resource/statefulset.go:67.61,75.87 2 1
git.jetbrains.team/tch/teamcity-operator/internal/resource/statefulset.go:78.3,78.33 1 1
git.jetbrains.team/tch/teamcity-operator/internal/resource/statefulset.go:75.87,77.4 1 0
git.jetbrains.team/tch/teamcity-operator/internal/resource/teamcity_resource_builder.go:20.78,26.2 2 0
git.jetbrains.team/tch/teamcity-operator/internal/controller/teamcity_controller.go:58.100,62.66 3 1
git.jetbrains.team/tch/teamcity-operator/internal/controller/teamcity_controller.go:66.2,67.25 2 1
git.jetbrains.team/tch/teamcity-operator/internal/controller/teamcity_controller.go:84.2,90.35 3 1
git.jetbrains.team/tch/teamcity-operator/internal/controller/teamcity_controller.go:105.2,105.27 1 1
git.jetbrains.team/tch/teamcity-operator/internal/controller/teamcity_controller.go:62.66,65.3 2 1
git.jetbrains.team/tch/teamcity-operator/internal/controller/teamcity_controller.go:67.25,69.60 2 0
git.jetbrains.team/tch/teamcity-operator/internal/controller/teamcity_controller.go:73.3,77.17 5 0
git.jetbrains.team/tch/teamcity-operator/internal/controller/teamcity_controller.go:81.3,81.28 1 0
git.jetbrains.team/tch/teamcity-operator/internal/controller/teamcity_controller.go:69.60,72.4 2 0
git.jetbrains.team/tch/teamcity-operator/internal/controller/teamcity_controller.go:77.17,80.4 2 0
git.jetbrains.team/tch/teamcity-operator/internal/controller/teamcity_controller.go:90.35,92.17 2 1
git.jetbrains.team/tch/teamcity-operator/internal/controller/teamcity_controller.go:95.3,95.95 1 1
git.jetbrains.team/tch/teamcity-operator/internal/controller/teamcity_controller.go:98.3,98.17 1 1
git.jetbrains.team/tch/teamcity-operator/internal/controller/teamcity_controller.go:102.3,102.96 1 1
git.jetbrains.team/tch/teamcity-operator/internal/controller/teamcity_controller.go:92.17,94.4 1 0
git.jetbrains.team/tch/teamcity-operator/internal/controller/teamcity_controller.go:95.95,97.4 1 1
git.jetbrains.team/tch/teamcity-operator/internal/controller/teamcity_controller.go:98.17,101.4 2 0
git.jetbrains.team/tch/teamcity-operator/internal/controller/teamcity_controller.go:109.71,115.2 1 1
git.jetbrains.team/tch/teamcity-operator/internal/controller/teamcity_controller.go:117.111,121.2 2 0
